<?xml version="1.0" encoding="UTF-8"?>
<testng-results ignored="0" total="1" passed="1" failed="0" skipped="0">
  <reporter-output>
  </reporter-output>
  <suite started-at="2023-03-12T00:52:02 IST" name="Default suite" finished-at="2023-03-12T00:52:13 IST" duration-ms="10219">
    <groups>
    </groups>
    <test started-at="2023-03-12T00:52:02 IST" name="Default test" finished-at="2023-03-12T00:52:13 IST" duration-ms="10219">
      <class name="tests.LoginTest">
        <test-method is-config="true" signature="prerequisites()[pri:0, instance:tests.LoginTest@29215f06]" started-at="2023-03-12T00:52:02 IST" name="prerequisites" finished-at="2023-03-12T00:52:09 IST" duration-ms="6375" status="PASS">
          <reporter-output>
          </reporter-output>
        </test-method> <!-- prerequisites -->
        <test-method signature="loginTest()[pri:0, instance:tests.LoginTest@29215f06]" started-at="2023-03-12T00:52:09 IST" name="loginTest" finished-at="2023-03-12T00:52:12 IST" duration-ms="3423" status="PASS">
          <reporter-output>
          </reporter-output>
        </test-method> <!-- loginTest -->
        <test-method is-config="true" signature="closing()[pri:0, instance:tests.LoginTest@29215f06]" started-at="2023-03-12T00:52:12 IST" name="closing" finished-at="2023-03-12T00:52:13 IST" duration-ms="367" status="PASS">
          <reporter-output>
          </reporter-output>
        </test-method> <!-- closing -->
      </class> <!-- tests.LoginTest -->
    </test> <!-- Default test -->
  </suite> <!-- Default suite -->
</testng-results>
